app/build/outputs/logs/manifest-merger-debug-report.txt
-- Merging decision tree log ---
manifest
ADDED from src\main\AndroidManifest.xml:22:1-160:12
	package
		ADDED from src\main\AndroidManifest.xml:23:5-42
		INJECTED from src\main\AndroidManifest.xml
		INJECTED from src\main\AndroidManifest.xml
	xmlns:android
		ADDED from src\main\AndroidManifest.xml:22:11-69
uses-sdk
ADDED from src\main\AndroidManifest.xml:25:5-44
MERGED from [com.android.support:appcompat-v7:23.4.0] AndroidManifest.xml:21:5-23:78
MERGED from [com.android.support:animated-vector-drawable:23.4.0] AndroidManifest.xml:5:5-44
MERGED from [com.android.support:support-vector-drawable:23.4.0] AndroidManifest.xml:5:5-43
MERGED from [com.android.support:support-v4:23.4.0] AndroidManifest.xml:20:5-43
MERGED from [com.android.support:support-v4:23.4.0] AndroidManifest.xml:20:5-43
MERGED from [com.android.support:support-vector-drawable:23.4.0] AndroidManifest.xml:5:5-43
MERGED from [com.android.support:support-v4:23.4.0] AndroidManifest.xml:20:5-43
	tools:overrideLibrary
		ADDED from [com.android.support:appcompat-v7:23.4.0] AndroidManifest.xml:23:9-75
	android:targetSdkVersion
		INJECTED from src\main\AndroidManifest.xml
		INJECTED from src\main\AndroidManifest.xml
	android:minSdkVersion
		ADDED from src\main\AndroidManifest.xml:25:15-41
		INJECTED from src\main\AndroidManifest.xml
		INJECTED from src\main\AndroidManifest.xml
android:uses-permission#android.permission.WRITE_EXTERNAL_STORAGE
ADDED from src\main\AndroidManifest.xml:27:5-89
	android:name
		ADDED from src\main\AndroidManifest.xml:27:30-86
android:uses-permission#android.permission.READ_PHONE_STATE
ADDED from src\main\AndroidManifest.xml:28:5-83
	android:name
		ADDED from src\main\AndroidManifest.xml:28:30-80
android:uses-permission#android.permission.READ_EXTERNAL_STORAGE
ADDED from src\main\AndroidManifest.xml:29:5-88
	android:name
		ADDED from src\main\AndroidManifest.xml:29:30-85
application
ADDED from src\main\AndroidManifest.xml:31:5-158:19
MERGED from [com.android.support:appcompat-v7:23.4.0] AndroidManifest.xml:25:5-20
MERGED from [com.android.support:animated-vector-drawable:23.4.0] AndroidManifest.xml:7:5-20
MERGED from [com.android.support:support-vector-drawable:23.4.0] AndroidManifest.xml:7:5-20
MERGED from [com.android.support:support-v4:23.4.0] AndroidManifest.xml:22:5-20
MERGED from [com.android.support:support-v4:23.4.0] AndroidManifest.xml:22:5-20
MERGED from [com.android.support:support-vector-drawable:23.4.0] AndroidManifest.xml:7:5-20
MERGED from [com.android.support:support-v4:23.4.0] AndroidManifest.xml:22:5-20
	android:label
		ADDED from src\main\AndroidManifest.xml:33:9-41
	android:icon
		ADDED from src\main\AndroidManifest.xml:32:9-43
provider#com.example.android.notepad.NotePadProvider
ADDED from src\main\AndroidManifest.xml:34:9-39:20
	android:authorities
		ADDED from src\main\AndroidManifest.xml:36:13-62
	android:exported
		ADDED from src\main\AndroidManifest.xml:37:13-37
	android:name
		ADDED from src\main\AndroidManifest.xml:35:13-44
grant-uri-permission
ADDED from src\main\AndroidManifest.xml:38:13-62
	android:pathPattern
		ADDED from src\main\AndroidManifest.xml:38:35-59
activity#com.example.android.notepad.NotesList
ADDED from src\main\AndroidManifest.xml:41:9-65:20
	android:label
		ADDED from src\main\AndroidManifest.xml:43:13-53
	android:name
		ADDED from src\main\AndroidManifest.xml:42:13-38
intent-filter#android.intent.action.MAIN+android.intent.category.LAUNCHER
ADDED from src\main\AndroidManifest.xml:44:13-48:29
action#android.intent.action.MAIN
ADDED from src\main\AndroidManifest.xml:45:17-69
	android:name
		ADDED from src\main\AndroidManifest.xml:45:25-66
category#android.intent.category.LAUNCHER
ADDED from src\main\AndroidManifest.xml:47:17-77
	android:name
		ADDED from src\main\AndroidManifest.xml:47:27-74
intent-filter#android.intent.action.EDIT+android.intent.action.PICK+android.intent.action.VIEW+android.intent.category.DEFAULT
ADDED from src\main\AndroidManifest.xml:49:13-57:29
action#android.intent.action.VIEW
ADDED from src\main\AndroidManifest.xml:50:17-69
	android:name
		ADDED from src\main\AndroidManifest.xml:50:25-66
action#android.intent.action.EDIT
ADDED from src\main\AndroidManifest.xml:51:17-69
	android:name
		ADDED from src\main\AndroidManifest.xml:51:25-66
action#android.intent.action.PICK
ADDED from src\main\AndroidManifest.xml:52:17-69
	android:name
		ADDED from src\main\AndroidManifest.xml:52:25-66
category#android.intent.category.DEFAULT
ADDED from src\main\AndroidManifest.xml:54:17-76
	android:name
		ADDED from src\main\AndroidManifest.xml:54:27-73
data
ADDED from src\main\AndroidManifest.xml:56:17-83
	android:mimeType
		ADDED from src\main\AndroidManifest.xml:56:23-80
intent-filter#android.intent.action.GET_CONTENT+android.intent.category.DEFAULT
ADDED from src\main\AndroidManifest.xml:58:13-64:29
action#android.intent.action.GET_CONTENT
ADDED from src\main\AndroidManifest.xml:59:17-76
	android:name
		ADDED from src\main\AndroidManifest.xml:59:25-73
activity#com.example.android.notepad.NoteEditor
ADDED from src\main\AndroidManifest.xml:66:9-100:20
	android:screenOrientation
		ADDED from src\main\AndroidManifest.xml:69:13-47
	android:configChanges
		ADDED from src\main\AndroidManifest.xml:68:13-63
	android:theme
		ADDED from src\main\AndroidManifest.xml:70:13-60
	android:name
		ADDED from src\main\AndroidManifest.xml:67:13-39
intent-filter#android.intent.action.EDIT+android.intent.action.VIEW+android.intent.category.DEFAULT+com.android.notepad.action.EDIT_NOTE
ADDED from src\main\AndroidManifest.xml:76:13-84:29
	android:label
		ADDED from src\main\AndroidManifest.xml:76:28-64
action#com.android.notepad.action.EDIT_NOTE
ADDED from src\main\AndroidManifest.xml:79:17-79
	android:name
		ADDED from src\main\AndroidManifest.xml:79:25-76
intent-filter#android.intent.action.INSERT+android.intent.action.PASTE+android.intent.category.DEFAULT
ADDED from src\main\AndroidManifest.xml:92:13-99:29
action#android.intent.action.INSERT
ADDED from src\main\AndroidManifest.xml:93:17-71
	android:name
		ADDED from src\main\AndroidManifest.xml:93:25-68
action#android.intent.action.PASTE
ADDED from src\main\AndroidManifest.xml:94:17-70
	android:name
		ADDED from src\main\AndroidManifest.xml:94:25-67
activity#com.example.android.notepad.TitleEditor
ADDED from src\main\AndroidManifest.xml:101:9-137:20
	android:label
		ADDED from src\main\AndroidManifest.xml:104:13-53
	android:windowSoftInputMode
		ADDED from src\main\AndroidManifest.xml:106:13-55
	android:icon
		ADDED from src\main\AndroidManifest.xml:103:13-50
	android:theme
		ADDED from src\main\AndroidManifest.xml:105:13-61
	android:name
		ADDED from src\main\AndroidManifest.xml:102:13-40
intent-filter#android.intent.category.ALTERNATIVE+android.intent.category.DEFAULT+android.intent.category.SELECTED_ALTERNATIVE+com.android.notepad.action.EDIT_TITLE
ADDED from src\main\AndroidManifest.xml:114:13-136:29
	android:label
		ADDED from src\main\AndroidManifest.xml:114:28-65
action#com.android.notepad.action.EDIT_TITLE
ADDED from src\main\AndroidManifest.xml:121:17-80
	android:name
		ADDED from src\main\AndroidManifest.xml:121:25-77
category#android.intent.category.ALTERNATIVE
ADDED from src\main\AndroidManifest.xml:128:17-80
	android:name
		ADDED from src\main\AndroidManifest.xml:128:27-77
category#android.intent.category.SELECTED_ALTERNATIVE
ADDED from src\main\AndroidManifest.xml:133:17-89
	android:name
		ADDED from src\main\AndroidManifest.xml:133:27-86
activity#com.example.android.notepad.NotesLiveFolder
ADDED from src\main\AndroidManifest.xml:138:9-147:20
	android:label
		ADDED from src\main\AndroidManifest.xml:141:13-53
	android:icon
		ADDED from src\main\AndroidManifest.xml:140:13-55
	android:name
		ADDED from src\main\AndroidManifest.xml:139:13-44
intent-filter#android.intent.action.CREATE_LIVE_FOLDER+android.intent.category.DEFAULT
ADDED from src\main\AndroidManifest.xml:142:13-146:29
action#android.intent.action.CREATE_LIVE_FOLDER
ADDED from src\main\AndroidManifest.xml:143:17-83
	android:name
		ADDED from src\main\AndroidManifest.xml:143:25-80
activity#com.example.android.notepad.NoteSearch
ADDED from src\main\AndroidManifest.xml:148:9-157:20
	android:name
		ADDED from src\main\AndroidManifest.xml:148:19-45
intent-filter#android.intent.action.SEARCH+android.intent.category.DEFAULT+com.android.notepad.action.Search_NOTE
ADDED from src\main\AndroidManifest.xml:149:13-156:29
	android:label
		ADDED from src\main\AndroidManifest.xml:149:28-55
action#android.intent.action.SEARCH
ADDED from src\main\AndroidManifest.xml:150:17-71
	android:name
		ADDED from src\main\AndroidManifest.xml:150:25-68
action#com.android.notepad.action.Search_NOTE
ADDED from src\main\AndroidManifest.xml:151:17-81
	android:name
		ADDED from src\main\AndroidManifest.xml:151:25-78